[2026-07-20T14:11:39.786059] [INFO] Starting protocol synthesis run RUN-006
[2026-07-20T14:11:39.786116] [INFO] Generating protocol specification...
[2026-07-20T14:11:39.786264] [INFO] Generated protocol: AnchorStatelessMesh
[2026-07-20T14:11:39.786455] [INFO] Specification written to laboratory/experiments/LAB-024/runs/RUN-006/artifacts/specification.md
[2026-07-20T14:11:39.786493] [INFO] Generating protocol implementation...
[2026-07-20T14:11:39.786605] [INFO] Implementation written to laboratory/experiments/LAB-024/runs/RUN-006/workspace/source/protocol.py
[2026-07-20T14:11:39.786667] [INFO] Installing dependencies...
[2026-07-20T14:11:40.135604] [SUCCESS] Dependencies installed successfully
[2026-07-20T14:11:40.135728] [INFO] Verifying implementation syntax...
[2026-07-20T14:11:40.172955] [SUCCESS] Syntax verification passed
[2026-07-20T14:11:40.173072] [INFO] Running functional test...
[2026-07-20T14:11:40.186552] [SUCCESS] Functional tests: 0 passed
[2026-07-20T14:11:40.186660] [INFO] Running security analysis...
[2026-07-20T14:11:40.186714] [WARNING] Security analysis: MEDIUM resistance (57%)
[2026-07-20T14:11:40.187334] [INFO] Run RUN-006 completed with status: completed
[2026-07-20T14:11:49.909695] [INFO] Starting protocol synthesis run RUN-006
[2026-07-20T14:11:49.909766] [INFO] Generating protocol specification...
[2026-07-20T14:11:49.909909] [INFO] Generated protocol: HelixMesh
[2026-07-20T14:11:49.910162] [INFO] Specification written to laboratory/experiments/LAB-024/runs/RUN-006/artifacts/specification.md
[2026-07-20T14:11:49.910210] [INFO] Generating protocol implementation...
[2026-07-20T14:11:49.910384] [INFO] Implementation written to laboratory/experiments/LAB-024/runs/RUN-006/workspace/source/protocol.py
[2026-07-20T14:11:49.910462] [INFO] Installing dependencies...
[2026-07-20T14:11:50.259977] [SUCCESS] Dependencies installed successfully
[2026-07-20T14:11:50.260142] [INFO] Verifying implementation syntax...
[2026-07-20T14:11:50.296826] [SUCCESS] Syntax verification passed
[2026-07-20T14:11:50.296954] [INFO] Running functional test...
[2026-07-20T14:11:50.310826] [SUCCESS] Functional tests: 0 passed
[2026-07-20T14:11:50.310942] [INFO] Running security analysis...
[2026-07-20T14:11:50.311003] [WARNING] Security analysis: MEDIUM resistance (57%)
[2026-07-20T14:11:50.311744] [INFO] Run RUN-006 completed with status: completed
