[2026-07-20T14:11:41.023992] [INFO] Starting protocol synthesis run RUN-009
[2026-07-20T14:11:41.024060] [INFO] Generating protocol specification...
[2026-07-20T14:11:41.024215] [INFO] Generated protocol: ForgeSecureChannel
[2026-07-20T14:11:41.024387] [INFO] Specification written to laboratory/experiments/LAB-024/runs/RUN-009/artifacts/specification.md
[2026-07-20T14:11:41.024424] [INFO] Generating protocol implementation...
[2026-07-20T14:11:41.024544] [INFO] Implementation written to laboratory/experiments/LAB-024/runs/RUN-009/workspace/source/protocol.py
[2026-07-20T14:11:41.024608] [INFO] Installing dependencies...
[2026-07-20T14:11:41.386808] [SUCCESS] Dependencies installed successfully
[2026-07-20T14:11:41.386953] [INFO] Verifying implementation syntax...
[2026-07-20T14:11:41.423861] [SUCCESS] Syntax verification passed
[2026-07-20T14:11:41.423982] [INFO] Running functional test...
[2026-07-20T14:11:41.438557] [SUCCESS] Functional tests: 0 passed
[2026-07-20T14:11:41.438673] [INFO] Running security analysis...
[2026-07-20T14:11:41.438732] [WARNING] Security analysis: MEDIUM resistance (57%)
[2026-07-20T14:11:41.439389] [INFO] Run RUN-009 completed with status: completed
[2026-07-20T14:11:51.571255] [INFO] Starting protocol synthesis run RUN-009
[2026-07-20T14:11:51.571343] [INFO] Generating protocol specification...
[2026-07-20T14:11:51.571493] [INFO] Generated protocol: SignalSecureProtocol
[2026-07-20T14:11:51.571747] [INFO] Specification written to laboratory/experiments/LAB-024/runs/RUN-009/artifacts/specification.md
[2026-07-20T14:11:51.571793] [INFO] Generating protocol implementation...
[2026-07-20T14:11:51.571946] [INFO] Implementation written to laboratory/experiments/LAB-024/runs/RUN-009/workspace/source/protocol.py
[2026-07-20T14:11:51.572032] [INFO] Installing dependencies...
[2026-07-20T14:11:51.923580] [SUCCESS] Dependencies installed successfully
[2026-07-20T14:11:51.923719] [INFO] Verifying implementation syntax...
[2026-07-20T14:11:51.960783] [SUCCESS] Syntax verification passed
[2026-07-20T14:11:51.960901] [INFO] Running functional test...
[2026-07-20T14:11:51.975014] [SUCCESS] Functional tests: 0 passed
[2026-07-20T14:11:51.975133] [INFO] Running security analysis...
[2026-07-20T14:11:51.975194] [SUCCESS] Security analysis: HIGH resistance (86%)
[2026-07-20T14:11:51.975952] [INFO] Run RUN-009 completed with status: completed
