[2026-07-20T14:11:41.439738] [INFO] Starting protocol synthesis run RUN-010
[2026-07-20T14:11:41.439795] [INFO] Generating protocol specification...
[2026-07-20T14:11:41.439934] [INFO] Generated protocol: NovaZeroMesh
[2026-07-20T14:11:41.440091] [INFO] Specification written to laboratory/experiments/LAB-024/runs/RUN-010/artifacts/specification.md
[2026-07-20T14:11:41.440126] [INFO] Generating protocol implementation...
[2026-07-20T14:11:41.440249] [INFO] Implementation written to laboratory/experiments/LAB-024/runs/RUN-010/workspace/source/protocol.py
[2026-07-20T14:11:41.441099] [ERROR] Run error: [Errno 32] Broken pipe
Traceback (most recent call last):
  File "/workspace/project/kde/engines/protocol-synth/src/protocol_runner.py", line 717, in execute
    self._implement_protocol(spec)
    ~~~~~~~~~~~~~~~~~~~~~~~~^^^^^^
  File "/workspace/project/kde/engines/protocol-synth/src/protocol_runner.py", line 333, in _implement_protocol
    self._log(f"Implementation written to {impl_file}")
    ~~~~~~~~~^^^^^^^^^^^^^^^^^^^^^^^^^^^^^^^^^^^^^^^^^^
  File "/workspace/project/kde/engines/protocol-synth/src/protocol_runner.py", line 64, in _log
    print(log_line.strip())
    ~~~~~^^^^^^^^^^^^^^^^^^
BrokenPipeError: [Errno 32] Broken pipe

[2026-07-20T14:11:41.441663] [INFO] Run RUN-010 completed with status: error
[2026-07-20T14:11:52.127245] [INFO] Starting protocol synthesis run RUN-010
[2026-07-20T14:11:52.127341] [INFO] Generating protocol specification...
[2026-07-20T14:11:52.127493] [INFO] Generated protocol: AetherHandshake
[2026-07-20T14:11:52.127755] [INFO] Specification written to laboratory/experiments/LAB-024/runs/RUN-010/artifacts/specification.md
[2026-07-20T14:11:52.127802] [INFO] Generating protocol implementation...
[2026-07-20T14:11:52.127950] [INFO] Implementation written to laboratory/experiments/LAB-024/runs/RUN-010/workspace/source/protocol.py
[2026-07-20T14:11:52.128018] [INFO] Installing dependencies...
[2026-07-20T14:11:52.482407] [SUCCESS] Dependencies installed successfully
[2026-07-20T14:11:52.482554] [INFO] Verifying implementation syntax...
[2026-07-20T14:11:52.518706] [SUCCESS] Syntax verification passed
[2026-07-20T14:11:52.518829] [INFO] Running functional test...
[2026-07-20T14:11:52.532767] [SUCCESS] Functional tests: 0 passed
[2026-07-20T14:11:52.532882] [INFO] Running security analysis...
[2026-07-20T14:11:52.532942] [WARNING] Security analysis: MEDIUM resistance (57%)
[2026-07-20T14:11:52.533741] [INFO] Run RUN-010 completed with status: completed
