[2026-07-20T14:11:39.381247] [INFO] Starting protocol synthesis run RUN-005
[2026-07-20T14:11:39.381332] [INFO] Generating protocol specification...
[2026-07-20T14:11:39.381475] [INFO] Generated protocol: AnchorSecureShield
[2026-07-20T14:11:39.381623] [INFO] Specification written to laboratory/experiments/LAB-024/runs/RUN-005/artifacts/specification.md
[2026-07-20T14:11:39.381657] [INFO] Generating protocol implementation...
[2026-07-20T14:11:39.381763] [INFO] Implementation written to laboratory/experiments/LAB-024/runs/RUN-005/workspace/source/protocol.py
[2026-07-20T14:11:39.381821] [INFO] Installing dependencies...
[2026-07-20T14:11:39.735148] [SUCCESS] Dependencies installed successfully
[2026-07-20T14:11:39.735317] [INFO] Verifying implementation syntax...
[2026-07-20T14:11:39.770758] [SUCCESS] Syntax verification passed
[2026-07-20T14:11:39.770881] [INFO] Running functional test...
[2026-07-20T14:11:39.784829] [SUCCESS] Functional tests: 0 passed
[2026-07-20T14:11:39.784954] [INFO] Running security analysis...
[2026-07-20T14:11:39.785031] [WARNING] Security analysis: MEDIUM resistance (57%)
[2026-07-20T14:11:39.785711] [INFO] Run RUN-005 completed with status: completed
[2026-07-20T14:11:49.336337] [INFO] Starting protocol synthesis run RUN-005
[2026-07-20T14:11:49.336415] [INFO] Generating protocol specification...
[2026-07-20T14:11:49.336579] [INFO] Generated protocol: CipherSession
[2026-07-20T14:11:49.336839] [INFO] Specification written to laboratory/experiments/LAB-024/runs/RUN-005/artifacts/specification.md
[2026-07-20T14:11:49.336885] [INFO] Generating protocol implementation...
[2026-07-20T14:11:49.337036] [INFO] Implementation written to laboratory/experiments/LAB-024/runs/RUN-005/workspace/source/protocol.py
[2026-07-20T14:11:49.337105] [INFO] Installing dependencies...
[2026-07-20T14:11:49.704835] [SUCCESS] Dependencies installed successfully
[2026-07-20T14:11:49.704988] [INFO] Verifying implementation syntax...
[2026-07-20T14:11:49.741697] [SUCCESS] Syntax verification passed
[2026-07-20T14:11:49.741827] [INFO] Running functional test...
[2026-07-20T14:11:49.756291] [SUCCESS] Functional tests: 0 passed
[2026-07-20T14:11:49.756418] [INFO] Running security analysis...
[2026-07-20T14:11:49.756481] [SUCCESS] Security analysis: HIGH resistance (86%)
[2026-07-20T14:11:49.757184] [INFO] Run RUN-005 completed with status: completed
