[2026-07-20T14:11:40.594886] [INFO] Starting protocol synthesis run RUN-008
[2026-07-20T14:11:40.594940] [INFO] Generating protocol specification...
[2026-07-20T14:11:40.595072] [INFO] Generated protocol: BastionShield
[2026-07-20T14:11:40.595222] [INFO] Specification written to laboratory/experiments/LAB-024/runs/RUN-008/artifacts/specification.md
[2026-07-20T14:11:40.595257] [INFO] Generating protocol implementation...
[2026-07-20T14:11:40.595413] [INFO] Implementation written to laboratory/experiments/LAB-024/runs/RUN-008/workspace/source/protocol.py
[2026-07-20T14:11:40.595496] [INFO] Installing dependencies...
[2026-07-20T14:11:40.971148] [SUCCESS] Dependencies installed successfully
[2026-07-20T14:11:40.971333] [INFO] Verifying implementation syntax...
[2026-07-20T14:11:41.008750] [SUCCESS] Syntax verification passed
[2026-07-20T14:11:41.008874] [INFO] Running functional test...
[2026-07-20T14:11:41.022722] [SUCCESS] Functional tests: 0 passed
[2026-07-20T14:11:41.022835] [INFO] Running security analysis...
[2026-07-20T14:11:41.022891] [SUCCESS] Security analysis: HIGH resistance (86%)
[2026-07-20T14:11:41.023587] [INFO] Run RUN-008 completed with status: completed
[2026-07-20T14:11:51.021996] [INFO] Starting protocol synthesis run RUN-008
[2026-07-20T14:11:51.022071] [INFO] Generating protocol specification...
[2026-07-20T14:11:51.022230] [INFO] Generated protocol: NovaSecureFlow
[2026-07-20T14:11:51.022512] [INFO] Specification written to laboratory/experiments/LAB-024/runs/RUN-008/artifacts/specification.md
[2026-07-20T14:11:51.022560] [INFO] Generating protocol implementation...
[2026-07-20T14:11:51.022710] [INFO] Implementation written to laboratory/experiments/LAB-024/runs/RUN-008/workspace/source/protocol.py
[2026-07-20T14:11:51.022778] [INFO] Installing dependencies...
[2026-07-20T14:11:51.369576] [SUCCESS] Dependencies installed successfully
[2026-07-20T14:11:51.369713] [INFO] Verifying implementation syntax...
[2026-07-20T14:11:51.405397] [SUCCESS] Syntax verification passed
[2026-07-20T14:11:51.405525] [INFO] Running functional test...
[2026-07-20T14:11:51.420144] [SUCCESS] Functional tests: 0 passed
[2026-07-20T14:11:51.420285] [INFO] Running security analysis...
[2026-07-20T14:11:51.420360] [SUCCESS] Security analysis: HIGH resistance (86%)
[2026-07-20T14:11:51.421039] [INFO] Run RUN-008 completed with status: completed
