[2026-07-20T14:11:40.187679] [INFO] Starting protocol synthesis run RUN-007
[2026-07-20T14:11:40.187733] [INFO] Generating protocol specification...
[2026-07-20T14:11:40.187865] [INFO] Generated protocol: PrismHybridSession
[2026-07-20T14:11:40.188006] [INFO] Specification written to laboratory/experiments/LAB-024/runs/RUN-007/artifacts/specification.md
[2026-07-20T14:11:40.188039] [INFO] Generating protocol implementation...
[2026-07-20T14:11:40.188148] [INFO] Implementation written to laboratory/experiments/LAB-024/runs/RUN-007/workspace/source/protocol.py
[2026-07-20T14:11:40.188216] [INFO] Installing dependencies...
[2026-07-20T14:11:40.541405] [SUCCESS] Dependencies installed successfully
[2026-07-20T14:11:40.541547] [INFO] Verifying implementation syntax...
[2026-07-20T14:11:40.578814] [SUCCESS] Syntax verification passed
[2026-07-20T14:11:40.578942] [INFO] Running functional test...
[2026-07-20T14:11:40.593716] [SUCCESS] Functional tests: 0 passed
[2026-07-20T14:11:40.593834] [INFO] Running security analysis...
[2026-07-20T14:11:40.593889] [SUCCESS] Security analysis: HIGH resistance (86%)
[2026-07-20T14:11:40.594534] [INFO] Run RUN-007 completed with status: completed
[2026-07-20T14:11:50.471859] [INFO] Starting protocol synthesis run RUN-007
[2026-07-20T14:11:50.471933] [INFO] Generating protocol specification...
[2026-07-20T14:11:50.472081] [INFO] Generated protocol: ForgeSecureCore
[2026-07-20T14:11:50.472360] [INFO] Specification written to laboratory/experiments/LAB-024/runs/RUN-007/artifacts/specification.md
[2026-07-20T14:11:50.472414] [INFO] Generating protocol implementation...
[2026-07-20T14:11:50.472578] [INFO] Implementation written to laboratory/experiments/LAB-024/runs/RUN-007/workspace/source/protocol.py
[2026-07-20T14:11:50.472647] [INFO] Installing dependencies...
[2026-07-20T14:11:50.818790] [SUCCESS] Dependencies installed successfully
[2026-07-20T14:11:50.818927] [INFO] Verifying implementation syntax...
[2026-07-20T14:11:50.856418] [SUCCESS] Syntax verification passed
[2026-07-20T14:11:50.856531] [INFO] Running functional test...
[2026-07-20T14:11:50.870542] [SUCCESS] Functional tests: 0 passed
[2026-07-20T14:11:50.870669] [INFO] Running security analysis...
[2026-07-20T14:11:50.870752] [WARNING] Security analysis: MEDIUM resistance (57%)
[2026-07-20T14:11:50.871505] [INFO] Run RUN-007 completed with status: completed
